2026-04-17 07:05:12 - appointment_store - INFO - Adding appointment: Appointment(id=1, patient='Patient(id=1, name='Mary Gonzalez', dob='1973-09-07', ailment='Flu')', doctor='Doctor(id=1, name='Dr. Phelps', specialization='Dermatology')', date='2026-05-06', time='15:45:00')
2026-04-17 07:05:12 - appointment_store - INFO - Adding appointment: Appointment(id=2, patient='Patient(id=2, name='Stephen Robertson', dob='2000-04-25', ailment='Hypertension')', doctor='Doctor(id=2, name='Dr. Baldwin', specialization='Dermatology')', date='2026-04-17', time='13:30:00')
2026-04-17 07:05:12 - appointment_store - INFO - Adding appointment: Appointment(id=3, patient='Patient(id=2, name='Stephen Robertson', dob='2000-04-25', ailment='Hypertension')', doctor='Doctor(id=2, name='Dr. Baldwin', specialization='Dermatology')', date='2026-05-05', time='14:15:00')
2026-04-17 07:05:12 - appointment_store - INFO - Retrieving all appointments
2026-04-17 07:05:12 - appointment_store - INFO - Retrieving appointment with ID: 1
2026-04-17 07:05:12 - appointment_store - INFO - Updating appointment with ID: 1
2026-04-17 07:05:12 - appointment_store - INFO - Retrieving appointment with ID: 1
2026-04-17 07:05:12 - appointment_store - INFO - Appointment updated: Appointment(id=1, patient='Patient(id=1, name='Mary Gonzalez', dob='1973-09-07', ailment='Flu')', doctor='Doctor(id=1, name='Dr. Phelps', specialization='Dermatology')', date='2026-05-06', time='10:30:00')
2026-04-17 07:05:12 - appointment_store - INFO - Deleting appointment with ID: 3
2026-04-17 07:05:12 - appointment_store - INFO - Retrieving appointment with ID: 3
2026-04-17 07:05:12 - appointment_store - INFO - Appointment deleted: Appointment(id=3, patient='Patient(id=2, name='Stephen Robertson', dob='2000-04-25', ailment='Hypertension')', doctor='Doctor(id=2, name='Dr. Baldwin', specialization='Dermatology')', date='2026-05-05', time='14:15:00')
2026-04-17 07:05:12 - appointment_store - INFO - Retrieving all appointments
2026-04-17 07:05:12 - appointment_store - INFO - Updating appointment with ID: 999
2026-04-17 07:05:12 - appointment_store - INFO - Retrieving appointment with ID: 999
2026-04-17 07:05:32 - appointment_store - INFO - Adding appointment: Appointment(id=1, patient='Patient(id=2, name='Kathryn Murray', dob='1984-07-10', ailment='Cold')', doctor='Doctor(id=2, name='Dr. Steele', specialization='Orthopedics')', date='2026-04-27', time='12:00:00')
2026-04-17 07:05:32 - appointment_store - INFO - Adding appointment: Appointment(id=2, patient='Patient(id=1, name='Kenneth Gilbert', dob='1988-07-11', ailment='Fever')', doctor='Doctor(id=2, name='Dr. Steele', specialization='Orthopedics')', date='2026-05-15', time='13:15:00')
2026-04-17 07:05:32 - appointment_store - INFO - Adding appointment: Appointment(id=3, patient='Patient(id=1, name='Kenneth Gilbert', dob='1988-07-11', ailment='Fever')', doctor='Doctor(id=1, name='Dr. Burns', specialization='Ophthalmology')', date='2026-05-14', time='12:30:00')
2026-04-17 07:05:32 - appointment_store - INFO - Retrieving all appointments
2026-04-17 07:05:32 - appointment_store - INFO - Retrieving appointment with ID: 1
2026-04-17 07:05:32 - appointment_store - INFO - Updating appointment with ID: 1
2026-04-17 07:05:32 - appointment_store - INFO - Retrieving appointment with ID: 1
2026-04-17 07:05:32 - appointment_store - INFO - Appointment updated: Appointment(id=1, patient='Patient(id=2, name='Kathryn Murray', dob='1984-07-10', ailment='Cold')', doctor='Doctor(id=2, name='Dr. Steele', specialization='Orthopedics')', date='2026-04-27', time='12:15:00')
2026-04-17 07:05:32 - appointment_store - INFO - Deleting appointment with ID: 3
2026-04-17 07:05:32 - appointment_store - INFO - Retrieving appointment with ID: 3
2026-04-17 07:05:32 - appointment_store - INFO - Appointment deleted: Appointment(id=3, patient='Patient(id=1, name='Kenneth Gilbert', dob='1988-07-11', ailment='Fever')', doctor='Doctor(id=1, name='Dr. Burns', specialization='Ophthalmology')', date='2026-05-14', time='12:30:00')
2026-04-17 07:05:32 - appointment_store - INFO - Retrieving all appointments
2026-04-17 07:05:32 - appointment_store - INFO - Updating appointment with ID: 999
2026-04-17 07:05:32 - appointment_store - INFO - Retrieving appointment with ID: 999
